app/build/intermediates/manifest_merge_blame_file/release/manifest-merger-blame-release-report.txt
1<?xml version="1.0" encoding="utf-8"?>
2<manifest xmlns:android="http://schemas.android.com/apk/res/android"
3    package="ca.yorku.eecs.mack.notetakingapp"
4    android:versionCode="1"
5    android:versionName="1.0" >
6
7    <uses-sdk
8        android:minSdkVersion="21"
9        android:targetSdkVersion="35" />
10
11    <uses-permission android:name="android.permission.WAKE_LOCK" />
11-->[androidx.work:work-runtime:2.10.0] AndroidManifest.xml:23:5-68
11-->[androidx.work:work-runtime:2.10.0] AndroidManifest.xml:23:22-65
12    <uses-permission android:name="android.permission.ACCESS_NETWORK_STATE" />
12-->[androidx.work:work-runtime:2.10.0] AndroidManifest.xml:24:5-79
12-->[androidx.work:work-runtime:2.10.0] AndroidManifest.xml:24:22-76
13    <uses-permission android:name="android.permission.RECEIVE_BOOT_COMPLETED" />
13-->[androidx.work:work-runtime:2.10.0] AndroidManifest.xml:25:5-81
13-->[androidx.work:work-runtime:2.10.0] AndroidManifest.xml:25:22-78
14    <uses-permission android:name="android.permission.FOREGROUND_SERVICE" />
14-->[androidx.work:work-runtime:2.10.0] AndroidManifest.xml:26:5-77
14-->[androidx.work:work-runtime:2.10.0] AndroidManifest.xml:26:22-74
15    <uses-permission android:name="android.permission.REORDER_TASKS" />
15-->[androidx.test:core:1.5.0] AndroidManifest.xml:24:5-72
15-->[androidx.test:core:1.5.0] AndroidManifest.xml:24:22-69
16
17    <permission
17-->[androidx.core:core:1.13.0] AndroidManifest.xml:22:5-24:47
18        android:name="ca.yorku.eecs.mack.notetakingapp.DYNAMIC_RECEIVER_NOT_EXPORTED_PERMISSION"
18-->[androidx.core:core:1.13.0] AndroidManifest.xml:23:9-81
19        android:protectionLevel="signature" />
19-->[androidx.core:core:1.13.0] AndroidManifest.xml:24:9-44
20
21    <uses-permission android:name="ca.yorku.eecs.mack.notetakingapp.DYNAMIC_RECEIVER_NOT_EXPORTED_PERMISSION" />
21-->[androidx.core:core:1.13.0] AndroidManifest.xml:26:5-97
21-->[androidx.core:core:1.13.0] AndroidManifest.xml:26:22-94
22
23    <queries>
23-->[androidx.test:runner:1.5.2] AndroidManifest.xml:24:5-28:15
24        <package android:name="androidx.test.orchestrator" />
24-->[androidx.test:runner:1.5.2] AndroidManifest.xml:25:9-62
24-->[androidx.test:runner:1.5.2] AndroidManifest.xml:25:18-59
25        <package android:name="androidx.test.services" />
25-->[androidx.test:runner:1.5.2] AndroidManifest.xml:26:9-58
25-->[androidx.test:runner:1.5.2] AndroidManifest.xml:26:18-55
26        <package android:name="com.google.android.apps.common.testing.services" />
26-->[androidx.test:runner:1.5.2] AndroidManifest.xml:27:9-83
26-->[androidx.test:runner:1.5.2] AndroidManifest.xml:27:18-80
27    </queries>
28
29    <application
29-->src\main\AndroidManifest.xml:5:5-36:19
30        android:allowBackup="false"
30-->src\main\AndroidManifest.xml:7:9-36
31        android:appComponentFactory="androidx.core.app.CoreComponentFactory"
31-->[androidx.core:core:1.13.0] AndroidManifest.xml:28:18-86
32        android:extractNativeLibs="true"
33        android:icon="@mipmap/ic_launcher"
33-->src\main\AndroidManifest.xml:8:9-43
34        android:label="@string/app_name"
34-->src\main\AndroidManifest.xml:9:9-41
35        android:testOnly="true"
36        android:theme="@style/AppTheme" >
36-->src\main\AndroidManifest.xml:6:9-40
37
38        <!-- Enabling Profiler -->
39        <profileable android:shell="true" />
39-->src\main\AndroidManifest.xml:12:9-44
39-->src\main\AndroidManifest.xml:12:22-42
40
41        <!-- Home Screen -->
42        <activity
42-->src\main\AndroidManifest.xml:15:9-21:20
43            android:name="ca.yorku.eecs.mack.notetakingapp.HomeActivity"
43-->src\main\AndroidManifest.xml:15:19-79
44            android:exported="true" >
44-->src\main\AndroidManifest.xml:16:13-36
45            <intent-filter>
45-->src\main\AndroidManifest.xml:17:13-20:29
46                <action android:name="android.intent.action.MAIN" />
46-->src\main\AndroidManifest.xml:18:17-69
46-->src\main\AndroidManifest.xml:18:25-66
47
48                <category android:name="android.intent.category.LAUNCHER" />
48-->src\main\AndroidManifest.xml:19:17-77
48-->src\main\AndroidManifest.xml:19:27-74
49            </intent-filter>
50        </activity>
51
52        <!-- Note Taking screen -->
53        <activity
53-->src\main\AndroidManifest.xml:24:9-28:58
54            android:name="ca.yorku.eecs.mack.notetakingapp.NoteActivity"
54-->src\main\AndroidManifest.xml:25:13-73
55            android:configChanges="orientation"
55-->src\main\AndroidManifest.xml:26:13-48
56            android:label="@string/app_name"
56-->src\main\AndroidManifest.xml:27:13-45
57            android:windowSoftInputMode="adjustResize" />
57-->src\main\AndroidManifest.xml:28:13-55
58
59        <!-- Task screen -->
60        <activity android:name="ca.yorku.eecs.mack.notetakingapp.TaskActivity" />
60-->src\main\AndroidManifest.xml:31:9-82
60-->src\main\AndroidManifest.xml:31:19-79
61
62        <!-- Add Task Screen -->
63        <activity android:name="ca.yorku.eecs.mack.notetakingapp.AddTaskListActivity" />
63-->src\main\AndroidManifest.xml:34:9-57
63-->src\main\AndroidManifest.xml:34:19-54
64
65        <provider
65-->[androidx.work:work-runtime:2.10.0] AndroidManifest.xml:29:9-37:20
66            android:name="androidx.startup.InitializationProvider"
66-->[androidx.work:work-runtime:2.10.0] AndroidManifest.xml:30:13-67
67            android:authorities="ca.yorku.eecs.mack.notetakingapp.androidx-startup"
67-->[androidx.work:work-runtime:2.10.0] AndroidManifest.xml:31:13-68
68            android:exported="false" >
68-->[androidx.work:work-runtime:2.10.0] AndroidManifest.xml:32:13-37
69            <meta-data
69-->[androidx.work:work-runtime:2.10.0] AndroidManifest.xml:34:13-36:52
70                android:name="androidx.work.WorkManagerInitializer"
70-->[androidx.work:work-runtime:2.10.0] AndroidManifest.xml:35:17-68
71                android:value="androidx.startup" />
71-->[androidx.work:work-runtime:2.10.0] AndroidManifest.xml:36:17-49
72            <meta-data
72-->[androidx.emoji2:emoji2:1.3.0] AndroidManifest.xml:29:13-31:52
73                android:name="androidx.emoji2.text.EmojiCompatInitializer"
73-->[androidx.emoji2:emoji2:1.3.0] AndroidManifest.xml:30:17-75
74                android:value="androidx.startup" />
74-->[androidx.emoji2:emoji2:1.3.0] AndroidManifest.xml:31:17-49
75            <meta-data
75-->[androidx.lifecycle:lifecycle-process:2.6.2] AndroidManifest.xml:29:13-31:52
76                android:name="androidx.lifecycle.ProcessLifecycleInitializer"
76-->[androidx.lifecycle:lifecycle-process:2.6.2] AndroidManifest.xml:30:17-78
77                android:value="androidx.startup" />
77-->[androidx.lifecycle:lifecycle-process:2.6.2] AndroidManifest.xml:31:17-49
78            <meta-data
78-->[androidx.profileinstaller:profileinstaller:1.3.1] AndroidManifest.xml:29:13-31:52
79                android:name="androidx.profileinstaller.ProfileInstallerInitializer"
79-->[androidx.profileinstaller:profileinstaller:1.3.1] AndroidManifest.xml:30:17-85
80                android:value="androidx.startup" />
80-->[androidx.profileinstaller:profileinstaller:1.3.1] AndroidManifest.xml:31:17-49
81        </provider>
82
83        <service
83-->[androidx.work:work-runtime:2.10.0] AndroidManifest.xml:39:9-45:35
84            android:name="androidx.work.impl.background.systemalarm.SystemAlarmService"
84-->[androidx.work:work-runtime:2.10.0] AndroidManifest.xml:40:13-88
85            android:directBootAware="false"
85-->[androidx.work:work-runtime:2.10.0] AndroidManifest.xml:41:13-44
86            android:enabled="@bool/enable_system_alarm_service_default"
86-->[androidx.work:work-runtime:2.10.0] AndroidManifest.xml:42:13-72
87            android:exported="false" />
87-->[androidx.work:work-runtime:2.10.0] AndroidManifest.xml:43:13-37
88        <service
88-->[androidx.work:work-runtime:2.10.0] AndroidManifest.xml:46:9-52:35
89            android:name="androidx.work.impl.background.systemjob.SystemJobService"
89-->[androidx.work:work-runtime:2.10.0] AndroidManifest.xml:47:13-84
90            android:directBootAware="false"
90-->[androidx.work:work-runtime:2.10.0] AndroidManifest.xml:48:13-44
91            android:enabled="@bool/enable_system_job_service_default"
91-->[androidx.work:work-runtime:2.10.0] AndroidManifest.xml:49:13-70
92            android:exported="true"
92-->[androidx.work:work-runtime:2.10.0] AndroidManifest.xml:50:13-36
93            android:permission="android.permission.BIND_JOB_SERVICE" />
93-->[androidx.work:work-runtime:2.10.0] AndroidManifest.xml:51:13-69
94        <service
94-->[androidx.work:work-runtime:2.10.0] AndroidManifest.xml:53:9-59:35
95            android:name="androidx.work.impl.foreground.SystemForegroundService"
95-->[androidx.work:work-runtime:2.10.0] AndroidManifest.xml:54:13-81
96            android:directBootAware="false"
96-->[androidx.work:work-runtime:2.10.0] AndroidManifest.xml:55:13-44
97            android:enabled="@bool/enable_system_foreground_service_default"
97-->[androidx.work:work-runtime:2.10.0] AndroidManifest.xml:56:13-77
98            android:exported="false" />
98-->[androidx.work:work-runtime:2.10.0] AndroidManifest.xml:57:13-37
99
100        <receiver
100-->[androidx.work:work-runtime:2.10.0] AndroidManifest.xml:61:9-66:35
101            android:name="androidx.work.impl.utils.ForceStopRunnable$BroadcastReceiver"
101-->[androidx.work:work-runtime:2.10.0] AndroidManifest.xml:62:13-88
102            android:directBootAware="false"
102-->[androidx.work:work-runtime:2.10.0] AndroidManifest.xml:63:13-44
103            android:enabled="true"
103-->[androidx.work:work-runtime:2.10.0] AndroidManifest.xml:64:13-35
104            android:exported="false" />
104-->[androidx.work:work-runtime:2.10.0] AndroidManifest.xml:65:13-37
105        <receiver
105-->[androidx.work:work-runtime:2.10.0] AndroidManifest.xml:67:9-77:20
106            android:name="androidx.work.impl.background.systemalarm.ConstraintProxy$BatteryChargingProxy"
106-->[androidx.work:work-runtime:2.10.0] AndroidManifest.xml:68:13-106
107            android:directBootAware="false"
107-->[androidx.work:work-runtime:2.10.0] AndroidManifest.xml:69:13-44
108            android:enabled="false"
108-->[androidx.work:work-runtime:2.10.0] AndroidManifest.xml:70:13-36
109            android:exported="false" >
109-->[androidx.work:work-runtime:2.10.0] AndroidManifest.xml:71:13-37
110            <intent-filter>
110-->[androidx.work:work-runtime:2.10.0] AndroidManifest.xml:73:13-76:29
111                <action android:name="android.intent.action.ACTION_POWER_CONNECTED" />
111-->[androidx.work:work-runtime:2.10.0] AndroidManifest.xml:74:17-87
111-->[androidx.work:work-runtime:2.10.0] AndroidManifest.xml:74:25-84
112                <action android:name="android.intent.action.ACTION_POWER_DISCONNECTED" />
112-->[androidx.work:work-runtime:2.10.0] AndroidManifest.xml:75:17-90
112-->[androidx.work:work-runtime:2.10.0] AndroidManifest.xml:75:25-87
113            </intent-filter>
114        </receiver>
115        <receiver
115-->[androidx.work:work-runtime:2.10.0] AndroidManifest.xml:78:9-88:20
116            android:name="androidx.work.impl.background.systemalarm.ConstraintProxy$BatteryNotLowProxy"
116-->[androidx.work:work-runtime:2.10.0] AndroidManifest.xml:79:13-104
117            android:directBootAware="false"
117-->[androidx.work:work-runtime:2.10.0] AndroidManifest.xml:80:13-44
118            android:enabled="false"
118-->[androidx.work:work-runtime:2.10.0] AndroidManifest.xml:81:13-36
119            android:exported="false" >
119-->[androidx.work:work-runtime:2.10.0] AndroidManifest.xml:82:13-37
120            <intent-filter>
120-->[androidx.work:work-runtime:2.10.0] AndroidManifest.xml:84:13-87:29
121                <action android:name="android.intent.action.BATTERY_OKAY" />
121-->[androidx.work:work-runtime:2.10.0] AndroidManifest.xml:85:17-77
121-->[androidx.work:work-runtime:2.10.0] AndroidManifest.xml:85:25-74
122                <action android:name="android.intent.action.BATTERY_LOW" />
122-->[androidx.work:work-runtime:2.10.0] AndroidManifest.xml:86:17-76
122-->[androidx.work:work-runtime:2.10.0] AndroidManifest.xml:86:25-73
123            </intent-filter>
124        </receiver>
125        <receiver
125-->[androidx.work:work-runtime:2.10.0] AndroidManifest.xml:89:9-99:20
126            android:name="androidx.work.impl.background.systemalarm.ConstraintProxy$StorageNotLowProxy"
126-->[androidx.work:work-runtime:2.10.0] AndroidManifest.xml:90:13-104
127            android:directBootAware="false"
127-->[androidx.work:work-runtime:2.10.0] AndroidManifest.xml:91:13-44
128            android:enabled="false"
128-->[androidx.work:work-runtime:2.10.0] AndroidManifest.xml:92:13-36
129            android:exported="false" >
129-->[androidx.work:work-runtime:2.10.0] AndroidManifest.xml:93:13-37
130            <intent-filter>
130-->[androidx.work:work-runtime:2.10.0] AndroidManifest.xml:95:13-98:29
131                <action android:name="android.intent.action.DEVICE_STORAGE_LOW" />
131-->[androidx.work:work-runtime:2.10.0] AndroidManifest.xml:96:17-83
131-->[androidx.work:work-runtime:2.10.0] AndroidManifest.xml:96:25-80
132                <action android:name="android.intent.action.DEVICE_STORAGE_OK" />
132-->[androidx.work:work-runtime:2.10.0] AndroidManifest.xml:97:17-82
132-->[androidx.work:work-runtime:2.10.0] AndroidManifest.xml:97:25-79
133            </intent-filter>
134        </receiver>
135        <receiver
135-->[androidx.work:work-runtime:2.10.0] AndroidManifest.xml:100:9-109:20
136            android:name="androidx.work.impl.background.systemalarm.ConstraintProxy$NetworkStateProxy"
136-->[androidx.work:work-runtime:2.10.0] AndroidManifest.xml:101:13-103
137            android:directBootAware="false"
137-->[androidx.work:work-runtime:2.10.0] AndroidManifest.xml:102:13-44
138            android:enabled="false"
138-->[androidx.work:work-runtime:2.10.0] AndroidManifest.xml:103:13-36
139            android:exported="false" >
139-->[androidx.work:work-runtime:2.10.0] AndroidManifest.xml:104:13-37
140            <intent-filter>
140-->[androidx.work:work-runtime:2.10.0] AndroidManifest.xml:106:13-108:29
141                <action android:name="android.net.conn.CONNECTIVITY_CHANGE" />
141-->[androidx.work:work-runtime:2.10.0] AndroidManifest.xml:107:17-79
141-->[androidx.work:work-runtime:2.10.0] AndroidManifest.xml:107:25-76
142            </intent-filter>
143        </receiver>
144        <receiver
144-->[androidx.work:work-runtime:2.10.0] AndroidManifest.xml:110:9-121:20
145            android:name="androidx.work.impl.background.systemalarm.RescheduleReceiver"
145-->[androidx.work:work-runtime:2.10.0] AndroidManifest.xml:111:13-88
146            android:directBootAware="false"
146-->[androidx.work:work-runtime:2.10.0] AndroidManifest.xml:112:13-44
147            android:enabled="false"
147-->[androidx.work:work-runtime:2.10.0] AndroidManifest.xml:113:13-36
148            android:exported="false" >
148-->[androidx.work:work-runtime:2.10.0] AndroidManifest.xml:114:13-37
149            <intent-filter>
149-->[androidx.work:work-runtime:2.10.0] AndroidManifest.xml:116:13-120:29
150                <action android:name="android.intent.action.BOOT_COMPLETED" />
150-->[androidx.work:work-runtime:2.10.0] AndroidManifest.xml:117:17-79
150-->[androidx.work:work-runtime:2.10.0] AndroidManifest.xml:117:25-76
151                <action android:name="android.intent.action.TIME_SET" />
151-->[androidx.work:work-runtime:2.10.0] AndroidManifest.xml:118:17-73
151-->[androidx.work:work-runtime:2.10.0] AndroidManifest.xml:118:25-70
152                <action android:name="android.intent.action.TIMEZONE_CHANGED" />
152-->[androidx.work:work-runtime:2.10.0] AndroidManifest.xml:119:17-81
152-->[androidx.work:work-runtime:2.10.0] AndroidManifest.xml:119:25-78
153            </intent-filter>
154        </receiver>
155        <receiver
155-->[androidx.work:work-runtime:2.10.0] AndroidManifest.xml:122:9-131:20
156            android:name="androidx.work.impl.background.systemalarm.ConstraintProxyUpdateReceiver"
156-->[androidx.work:work-runtime:2.10.0] AndroidManifest.xml:123:13-99
157            android:directBootAware="false"
157-->[androidx.work:work-runtime:2.10.0] AndroidManifest.xml:124:13-44
158            android:enabled="@bool/enable_system_alarm_service_default"
158-->[androidx.work:work-runtime:2.10.0] AndroidManifest.xml:125:13-72
159            android:exported="false" >
159-->[androidx.work:work-runtime:2.10.0] AndroidManifest.xml:126:13-37
160            <intent-filter>
160-->[androidx.work:work-runtime:2.10.0] AndroidManifest.xml:128:13-130:29
161                <action android:name="androidx.work.impl.background.systemalarm.UpdateProxies" />
161-->[androidx.work:work-runtime:2.10.0] AndroidManifest.xml:129:17-98
161-->[androidx.work:work-runtime:2.10.0] AndroidManifest.xml:129:25-95
162            </intent-filter>
163        </receiver>
164        <receiver
164-->[androidx.work:work-runtime:2.10.0] AndroidManifest.xml:132:9-142:20
165            android:name="androidx.work.impl.diagnostics.DiagnosticsReceiver"
165-->[androidx.work:work-runtime:2.10.0] AndroidManifest.xml:133:13-78
166            android:directBootAware="false"
166-->[androidx.work:work-runtime:2.10.0] AndroidManifest.xml:134:13-44
167            android:enabled="true"
167-->[androidx.work:work-runtime:2.10.0] AndroidManifest.xml:135:13-35
168            android:exported="true"
168-->[androidx.work:work-runtime:2.10.0] AndroidManifest.xml:136:13-36
169            android:permission="android.permission.DUMP" >
169-->[androidx.work:work-runtime:2.10.0] AndroidManifest.xml:137:13-57
170            <intent-filter>
170-->[androidx.work:work-runtime:2.10.0] AndroidManifest.xml:139:13-141:29
171                <action android:name="androidx.work.diagnostics.REQUEST_DIAGNOSTICS" />
171-->[androidx.work:work-runtime:2.10.0] AndroidManifest.xml:140:17-88
171-->[androidx.work:work-runtime:2.10.0] AndroidManifest.xml:140:25-85
172            </intent-filter>
173        </receiver>
174
175        <activity
175-->[androidx.test:core:1.5.0] AndroidManifest.xml:27:9-34:20
176            android:name="androidx.test.core.app.InstrumentationActivityInvoker$BootstrapActivity"
176-->[androidx.test:core:1.5.0] AndroidManifest.xml:28:13-99
177            android:exported="true"
177-->[androidx.test:core:1.5.0] AndroidManifest.xml:29:13-36
178            android:theme="@style/WhiteBackgroundTheme" >
178-->[androidx.test:core:1.5.0] AndroidManifest.xml:30:13-56
179            <intent-filter android:priority="-100" >
179-->[androidx.test:core:1.5.0] AndroidManifest.xml:31:13-33:29
179-->[androidx.test:core:1.5.0] AndroidManifest.xml:31:28-51
180                <category android:name="android.intent.category.LAUNCHER" />
180-->src\main\AndroidManifest.xml:19:17-77
180-->src\main\AndroidManifest.xml:19:27-74
181            </intent-filter>
182        </activity>
183        <activity
183-->[androidx.test:core:1.5.0] AndroidManifest.xml:35:9-42:20
184            android:name="androidx.test.core.app.InstrumentationActivityInvoker$EmptyActivity"
184-->[androidx.test:core:1.5.0] AndroidManifest.xml:36:13-95
185            android:exported="true"
185-->[androidx.test:core:1.5.0] AndroidManifest.xml:37:13-36
186            android:theme="@style/WhiteBackgroundTheme" >
186-->[androidx.test:core:1.5.0] AndroidManifest.xml:38:13-56
187            <intent-filter android:priority="-100" >
187-->[androidx.test:core:1.5.0] AndroidManifest.xml:31:13-33:29
187-->[androidx.test:core:1.5.0] AndroidManifest.xml:31:28-51
188                <category android:name="android.intent.category.LAUNCHER" />
188-->src\main\AndroidManifest.xml:19:17-77
188-->src\main\AndroidManifest.xml:19:27-74
189            </intent-filter>
190        </activity>
191        <activity
191-->[androidx.test:core:1.5.0] AndroidManifest.xml:43:9-50:20
192            android:name="androidx.test.core.app.InstrumentationActivityInvoker$EmptyFloatingActivity"
192-->[androidx.test:core:1.5.0] AndroidManifest.xml:44:13-103
193            android:exported="true"
193-->[androidx.test:core:1.5.0] AndroidManifest.xml:45:13-36
194            android:theme="@style/WhiteBackgroundDialogTheme" >
194-->[androidx.test:core:1.5.0] AndroidManifest.xml:46:13-62
195            <intent-filter android:priority="-100" >
195-->[androidx.test:core:1.5.0] AndroidManifest.xml:31:13-33:29
195-->[androidx.test:core:1.5.0] AndroidManifest.xml:31:28-51
196                <category android:name="android.intent.category.LAUNCHER" />
196-->src\main\AndroidManifest.xml:19:17-77
196-->src\main\AndroidManifest.xml:19:27-74
197            </intent-filter>
198        </activity>
199
200        <receiver
200-->[androidx.profileinstaller:profileinstaller:1.3.1] AndroidManifest.xml:34:9-52:20
201            android:name="androidx.profileinstaller.ProfileInstallReceiver"
201-->[androidx.profileinstaller:profileinstaller:1.3.1] AndroidManifest.xml:35:13-76
202            android:directBootAware="false"
202-->[androidx.profileinstaller:profileinstaller:1.3.1] AndroidManifest.xml:36:13-44
203            android:enabled="true"
203-->[androidx.profileinstaller:profileinstaller:1.3.1] AndroidManifest.xml:37:13-35
204            android:exported="true"
204-->[androidx.profileinstaller:profileinstaller:1.3.1] AndroidManifest.xml:38:13-36
205            android:permission="android.permission.DUMP" >
205-->[androidx.profileinstaller:profileinstaller:1.3.1] AndroidManifest.xml:39:13-57
206            <intent-filter>
206-->[androidx.profileinstaller:profileinstaller:1.3.1] AndroidManifest.xml:40:13-42:29
207                <action android:name="androidx.profileinstaller.action.INSTALL_PROFILE" />
207-->[androidx.profileinstaller:profileinstaller:1.3.1] AndroidManifest.xml:41:17-91
207-->[androidx.profileinstaller:profileinstaller:1.3.1] AndroidManifest.xml:41:25-88
208            </intent-filter>
209            <intent-filter>
209-->[androidx.profileinstaller:profileinstaller:1.3.1] AndroidManifest.xml:43:13-45:29
210                <action android:name="androidx.profileinstaller.action.SKIP_FILE" />
210-->[androidx.profileinstaller:profileinstaller:1.3.1] AndroidManifest.xml:44:17-85
210-->[androidx.profileinstaller:profileinstaller:1.3.1] AndroidManifest.xml:44:25-82
211            </intent-filter>
212            <intent-filter>
212-->[androidx.profileinstaller:profileinstaller:1.3.1] AndroidManifest.xml:46:13-48:29
213                <action android:name="androidx.profileinstaller.action.SAVE_PROFILE" />
213-->[androidx.profileinstaller:profileinstaller:1.3.1] AndroidManifest.xml:47:17-88
213-->[androidx.profileinstaller:profileinstaller:1.3.1] AndroidManifest.xml:47:25-85
214            </intent-filter>
215            <intent-filter>
215-->[androidx.profileinstaller:profileinstaller:1.3.1] AndroidManifest.xml:49:13-51:29
216                <action android:name="androidx.profileinstaller.action.BENCHMARK_OPERATION" />
216-->[androidx.profileinstaller:profileinstaller:1.3.1] AndroidManifest.xml:50:17-95
216-->[androidx.profileinstaller:profileinstaller:1.3.1] AndroidManifest.xml:50:25-92
217            </intent-filter>
218        </receiver>
219
220        <service
220-->[androidx.room:room-runtime:2.6.1] AndroidManifest.xml:24:9-28:63
221            android:name="androidx.room.MultiInstanceInvalidationService"
221-->[androidx.room:room-runtime:2.6.1] AndroidManifest.xml:25:13-74
222            android:directBootAware="true"
222-->[androidx.room:room-runtime:2.6.1] AndroidManifest.xml:26:13-43
223            android:exported="false" />
223-->[androidx.room:room-runtime:2.6.1] AndroidManifest.xml:27:13-37
224    </application>
225
226</manifest>